
Name of the cluster on which the job is executing:	 spartan
Number of CPUs on the allocated node: 	 16
Number of CPUs requested per task: 	 16
Numer of GPUs requested: 	 
Requested GPU count per allocated node: 	 
Requested GPU count per allocated task:	  
The ID of the job allocation:	  54387993
Count of processors available to the job on this node:	  16
Name of the job:	  tst.slurm
List of nodes allocated to the job:	  spartan-gpgpu088
Total number of nodes in the job’s resource allocation:	  1
Name of the partition in which the job is running:	  deeplearn
Minimum memory required per allocated CPU:	  4000
Requested memory per allocated GPU:	  
Total amount of memory per node that the job needs:	  
List of nodes allocated to the job:	  spartan-gpgpu088
Total number of CPUs allocated:	  1
Maximum number of MPI tasks (that’s processes): 	 1
Number of tasks requested per core: 	 
Number of tasks requested per GPU: 	 
Number of tasks requested per node:	  1
The scheduling priority (nice value) at the time of job submission. This value is propagated to the spawned processes: 	 0
The MPI rank (or relative process ID) of the current process: 	 0

The directory from which SBATCH was invoked: 	 /data/gpfs/projects/punim1355/dalmiapriyam/predator-prey
The Hostname of the computer from which SBATCH was invoked: 	 spartan-login2.hpc.unimelb.edu.au
The process ID of the corresponding task: 	 36553



 LOADING MODULES: 




 PYTHON SCRIPT OUTPUT: 

2023-12-14 17:31:26,197	WARNING __init__.py:10 -- PG has/have been moved to `rllib_contrib` and will no longer be maintained by the RLlib team. You can still use it/them normally inside RLlib util Ray 2.8, but from Ray 2.9 on, all `rllib_contrib` algorithms will no longer be part of the core repo, and will therefore have to be installed separately with pinned dependencies for e.g. ray[rllib] and other packages! See https://github.com/ray-project/ray/tree/master/rllib_contrib#rllib-contrib for more information on the RLlib contrib effort.
2023-12-14 17:31:29,941	INFO worker.py:1673 -- Started a local Ray instance.
2023-12-14 17:31:31,036	INFO tune.py:220 -- Initializing Ray automatically. For cluster usage or custom Ray initialization, call `ray.init(...)` before `Tuner(...)`.
2023-12-14 17:31:31,039	INFO tune.py:595 -- [output] This will use the new output engine with verbosity 1. To disable the new output and use the legacy output engine, set the environment variable RAY_AIR_NEW_OUTPUT=0. For more information, please see https://github.com/ray-project/ray/issues/36949
[36m(pid=38745)[0m 2023-12-14 17:31:58,997	WARNING __init__.py:10 -- PG has/have been moved to `rllib_contrib` and will no longer be maintained by the RLlib team. You can still use it/them normally inside RLlib util Ray 2.8, but from Ray 2.9 on, all `rllib_contrib` algorithms will no longer be part of the core repo, and will therefore have to be installed separately with pinned dependencies for e.g. ray[rllib] and other packages! See https://github.com/ray-project/ray/tree/master/rllib_contrib#rllib-contrib for more information on the RLlib contrib effort.
[36m(train_algo pid=38745)[0m 2023-12-14 17:32:01,361	WARNING deprecation.py:50 -- DeprecationWarning: `ray.rllib.models.tf.recurrent_net.LSTMWrapper` has been deprecated. This will raise an error in the future!
[36m(train_algo pid=38745)[0m 2023-12-14 17:32:01,361	WARNING deprecation.py:50 -- DeprecationWarning: `ray.rllib.models.torch.fcnet.FullyConnectedNetwork` has been deprecated. This will raise an error in the future!
[36m(train_algo pid=38745)[0m 2023-12-14 17:32:01,402	WARNING deprecation.py:50 -- DeprecationWarning: `ray.rllib.models.torch.complex_input_net.ComplexInputNetwork` has been deprecated. This will raise an error in the future!
[36m(train_algo pid=38745)[0m 2023-12-14 17:32:01,420	WARNING deprecation.py:50 -- DeprecationWarning: `ray.rllib.models.torch.visionnet.VisionNetwork` has been deprecated. This will raise an error in the future!
[36m(train_algo pid=38745)[0m 2023-12-14 17:32:03,188	WARNING deprecation.py:50 -- DeprecationWarning: `ray.rllib.models.torch.recurrent_net.RecurrentNetwork` has been deprecated. This will raise an error in the future!
[36m(pid=38741)[0m 2023-12-14 17:32:03,800	WARNING __init__.py:10 -- PG has/have been moved to `rllib_contrib` and will no longer be maintained by the RLlib team. You can still use it/them normally inside RLlib util Ray 2.8, but from Ray 2.9 on, all `rllib_contrib` algorithms will no longer be part of the core repo, and will therefore have to be installed separately with pinned dependencies for e.g. ray[rllib] and other packages! See https://github.com/ray-project/ray/tree/master/rllib_contrib#rllib-contrib for more information on the RLlib contrib effort.[32m [repeated 23x across cluster] (Ray deduplicates logs by default. Set RAY_DEDUP_LOGS=0 to disable log deduplication, or see https://docs.ray.io/en/master/ray-observability/ray-logging.html#log-deduplication for more options.)[0m
[36m(train_algo pid=38745)[0m wandb: Currently logged in as: theputernerdai (tpn). Use `wandb login --relogin` to force relogin
[36m(train_algo pid=38746)[0m 2023-12-14 17:32:06,293	WARNING deprecation.py:50 -- DeprecationWarning: `ray.rllib.models.tf.recurrent_net.LSTMWrapper` has been deprecated. This will raise an error in the future![32m [repeated 25x across cluster][0m
[36m(train_algo pid=38746)[0m 2023-12-14 17:32:06,293	WARNING deprecation.py:50 -- DeprecationWarning: `ray.rllib.models.torch.fcnet.FullyConnectedNetwork` has been deprecated. This will raise an error in the future![32m [repeated 25x across cluster][0m
[36m(train_algo pid=38746)[0m 2023-12-14 17:32:06,300	WARNING deprecation.py:50 -- DeprecationWarning: `ray.rllib.models.torch.complex_input_net.ComplexInputNetwork` has been deprecated. This will raise an error in the future![32m [repeated 25x across cluster][0m
[36m(train_algo pid=38746)[0m 2023-12-14 17:32:06,301	WARNING deprecation.py:50 -- DeprecationWarning: `ray.rllib.models.torch.visionnet.VisionNetwork` has been deprecated. This will raise an error in the future![32m [repeated 25x across cluster][0m
[36m(train_algo pid=38745)[0m wandb: ERROR Error while calling W&B API: An internal error occurred. Please contact support. (<Response [500]>)
[36m(train_algo pid=38750)[0m wandb: wandb version 0.16.1 is available!  To upgrade, please run:
[36m(train_algo pid=38750)[0m wandb:  $ pip install wandb --upgrade
[36m(train_algo pid=38750)[0m wandb: Tracking run with wandb version 0.16.0
[36m(train_algo pid=38750)[0m wandb: Run data is saved locally in /data/gpfs/projects/punim1355/dalmiapriyam/predator-prey/wandb/wandb/run-20231214_173205-wiadint7
[36m(train_algo pid=38750)[0m wandb: Run `wandb offline` to turn off syncing.
[36m(train_algo pid=38750)[0m wandb: Syncing run df1702555993
[36m(train_algo pid=38750)[0m wandb: ⭐️ View project at https://wandb.ai/tpn/independent_ppo
[36m(train_algo pid=38750)[0m wandb: 🚀 View run at https://wandb.ai/tpn/independent_ppo/runs/wiadint7
[36m(train_algo pid=38745)[0m wandb: - Waiting for wandb.init()...
[36m(train_algo pid=38738)[0m wandb: 🚀 View run at https://wandb.ai/tpn/independent_ppo/runs/fjhxteif
[36m(train_algo pid=38745)[0m wandb: \ Waiting for wandb.init()...
[36m(train_algo pid=38746)[0m 2023-12-14 17:32:06,724	WARNING deprecation.py:50 -- DeprecationWarning: `ray.rllib.models.torch.recurrent_net.RecurrentNetwork` has been deprecated. This will raise an error in the future![32m [repeated 25x across cluster][0m
[36m(train_algo pid=38740)[0m wandb: 🚀 View run at https://wandb.ai/tpn/independent_ppo/runs/bdajooyg
[36m(train_algo pid=38755)[0m 2023-12-14 17:32:08,910	WARNING deprecation.py:50 -- DeprecationWarning: `ray.rllib.execution.train_ops.train_one_step` has been deprecated. This will raise an error in the future!
[36m(train_algo pid=38755)[0m 2023-12-14 17:32:08,910	WARNING deprecation.py:50 -- DeprecationWarning: `_get_slice_indices` has been deprecated. This will raise an error in the future!
[36m(pid=38746)[0m 2023-12-14 17:32:04,612	WARNING __init__.py:10 -- PG has/have been moved to `rllib_contrib` and will no longer be maintained by the RLlib team. You can still use it/them normally inside RLlib util Ray 2.8, but from Ray 2.9 on, all `rllib_contrib` algorithms will no longer be part of the core repo, and will therefore have to be installed separately with pinned dependencies for e.g. ray[rllib] and other packages! See https://github.com/ray-project/ray/tree/master/rllib_contrib#rllib-contrib for more information on the RLlib contrib effort.[32m [repeated 2x across cluster][0m
[36m(train_algo pid=38746)[0m wandb: Currently logged in as: theputernerdai (tpn). Use `wandb login --relogin` to force relogin[32m [repeated 25x across cluster][0m
[36m(train_algo pid=38749)[0m wandb: ERROR Error while calling W&B API: An internal error occurred. Please contact support. (<Response [500]>)
[36m(train_algo pid=38746)[0m wandb: wandb version 0.16.1 is available!  To upgrade, please run:[32m [repeated 25x across cluster][0m
[36m(train_algo pid=38746)[0m wandb:  $ pip install wandb --upgrade[32m [repeated 25x across cluster][0m
[36m(train_algo pid=38746)[0m wandb: Tracking run with wandb version 0.16.0[32m [repeated 25x across cluster][0m
[36m(train_algo pid=38746)[0m wandb: Run data is saved locally in /data/gpfs/projects/punim1355/dalmiapriyam/predator-prey/wandb/wandb/run-20231214_173209-krorhp9u[32m [repeated 25x across cluster][0m
[36m(train_algo pid=38746)[0m wandb: Run `wandb offline` to turn off syncing.[32m [repeated 25x across cluster][0m
[36m(train_algo pid=38746)[0m wandb: Syncing run df1702566974[32m [repeated 25x across cluster][0m
[36m(train_algo pid=38746)[0m wandb: ⭐️ View project at https://wandb.ai/tpn/independent_ppo[32m [repeated 25x across cluster][0m
[36m(train_algo pid=38746)[0m wandb: 🚀 View run at https://wandb.ai/tpn/independent_ppo/runs/krorhp9u[32m [repeated 23x across cluster][0m
[36m(train_algo pid=38749)[0m wandb: - Waiting for wandb.init()...
[36m(train_algo pid=38749)[0m wandb: \ Waiting for wandb.init()...
[36m(train_algo pid=40113)[0m 2023-12-14 17:32:13,204	WARNING deprecation.py:50 -- DeprecationWarning: `ray.rllib.models.tf.recurrent_net.LSTMWrapper` has been deprecated. This will raise an error in the future!
[36m(train_algo pid=40113)[0m 2023-12-14 17:32:13,204	WARNING deprecation.py:50 -- DeprecationWarning: `ray.rllib.models.torch.fcnet.FullyConnectedNetwork` has been deprecated. This will raise an error in the future!
[36m(train_algo pid=40113)[0m 2023-12-14 17:32:13,217	WARNING deprecation.py:50 -- DeprecationWarning: `ray.rllib.models.torch.complex_input_net.ComplexInputNetwork` has been deprecated. This will raise an error in the future!
[36m(train_algo pid=40113)[0m 2023-12-14 17:32:13,227	WARNING deprecation.py:50 -- DeprecationWarning: `ray.rllib.models.torch.visionnet.VisionNetwork` has been deprecated. This will raise an error in the future!
[36m(train_algo pid=40113)[0m 2023-12-14 17:32:14,191	WARNING deprecation.py:50 -- DeprecationWarning: `ray.rllib.models.torch.recurrent_net.RecurrentNetwork` has been deprecated. This will raise an error in the future!
[36m(train_algo pid=38757)[0m 2023-12-14 17:32:12,663	WARNING deprecation.py:50 -- DeprecationWarning: `ray.rllib.execution.train_ops.train_one_step` has been deprecated. This will raise an error in the future![32m [repeated 24x across cluster][0m
[36m(train_algo pid=38757)[0m 2023-12-14 17:32:12,663	WARNING deprecation.py:50 -- DeprecationWarning: `_get_slice_indices` has been deprecated. This will raise an error in the future![32m [repeated 24x across cluster][0m
[36m(pid=40086)[0m 2023-12-14 17:32:13,078	WARNING __init__.py:10 -- PG has/have been moved to `rllib_contrib` and will no longer be maintained by the RLlib team. You can still use it/them normally inside RLlib util Ray 2.8, but from Ray 2.9 on, all `rllib_contrib` algorithms will no longer be part of the core repo, and will therefore have to be installed separately with pinned dependencies for e.g. ray[rllib] and other packages! See https://github.com/ray-project/ray/tree/master/rllib_contrib#rllib-contrib for more information on the RLlib contrib effort.[32m [repeated 4x across cluster][0m
[36m(train_algo pid=40233)[0m wandb: Currently logged in as: theputernerdai (tpn). Use `wandb login --relogin` to force relogin
[36m(train_algo pid=40086)[0m 2023-12-14 17:32:17,318	WARNING deprecation.py:50 -- DeprecationWarning: `ray.rllib.models.tf.recurrent_net.LSTMWrapper` has been deprecated. This will raise an error in the future![32m [repeated 3x across cluster][0m
[36m(train_algo pid=40086)[0m 2023-12-14 17:32:17,318	WARNING deprecation.py:50 -- DeprecationWarning: `ray.rllib.models.torch.fcnet.FullyConnectedNetwork` has been deprecated. This will raise an error in the future![32m [repeated 3x across cluster][0m
[36m(train_algo pid=40086)[0m 2023-12-14 17:32:17,346	WARNING deprecation.py:50 -- DeprecationWarning: `ray.rllib.models.torch.complex_input_net.ComplexInputNetwork` has been deprecated. This will raise an error in the future![32m [repeated 3x across cluster][0m
[36m(train_algo pid=40086)[0m 2023-12-14 17:32:17,348	WARNING deprecation.py:50 -- DeprecationWarning: `ray.rllib.models.torch.visionnet.VisionNetwork` has been deprecated. This will raise an error in the future![32m [repeated 3x across cluster][0m
[36m(train_algo pid=40233)[0m wandb: wandb version 0.16.1 is available!  To upgrade, please run:
[36m(train_algo pid=40233)[0m wandb:  $ pip install wandb --upgrade
[36m(train_algo pid=40233)[0m wandb: Tracking run with wandb version 0.16.0
[36m(train_algo pid=40233)[0m wandb: Run data is saved locally in /data/gpfs/projects/punim1355/dalmiapriyam/predator-prey/wandb/wandb/run-20231214_173217-96cc41eu
[36m(train_algo pid=40233)[0m wandb: Run `wandb offline` to turn off syncing.
[36m(train_algo pid=40233)[0m wandb: Syncing run df1702548740
[36m(train_algo pid=40233)[0m wandb: ⭐️ View project at https://wandb.ai/tpn/independent_ppo
[36m(train_algo pid=40233)[0m wandb: 🚀 View run at https://wandb.ai/tpn/independent_ppo/runs/96cc41eu
[36m(train_algo pid=40086)[0m 2023-12-14 17:32:18,821	WARNING deprecation.py:50 -- DeprecationWarning: `ray.rllib.models.torch.recurrent_net.RecurrentNetwork` has been deprecated. This will raise an error in the future![32m [repeated 3x across cluster][0m
[36m(train_algo pid=38746)[0m 2023-12-14 17:32:14,887	WARNING deprecation.py:50 -- DeprecationWarning: `ray.rllib.execution.train_ops.train_one_step` has been deprecated. This will raise an error in the future!
[36m(train_algo pid=38746)[0m 2023-12-14 17:32:14,888	WARNING deprecation.py:50 -- DeprecationWarning: `_get_slice_indices` has been deprecated. This will raise an error in the future!
[36m(pid=40231)[0m 2023-12-14 17:32:16,840	WARNING __init__.py:10 -- PG has/have been moved to `rllib_contrib` and will no longer be maintained by the RLlib team. You can still use it/them normally inside RLlib util Ray 2.8, but from Ray 2.9 on, all `rllib_contrib` algorithms will no longer be part of the core repo, and will therefore have to be installed separately with pinned dependencies for e.g. ray[rllib] and other packages! See https://github.com/ray-project/ray/tree/master/rllib_contrib#rllib-contrib for more information on the RLlib contrib effort.[32m [repeated 2x across cluster][0m
[36m(train_algo pid=40114)[0m 2023-12-14 17:32:22,167	WARNING deprecation.py:50 -- DeprecationWarning: `ray.rllib.execution.train_ops.train_one_step` has been deprecated. This will raise an error in the future!
[36m(train_algo pid=40114)[0m 2023-12-14 17:32:22,168	WARNING deprecation.py:50 -- DeprecationWarning: `_get_slice_indices` has been deprecated. This will raise an error in the future!
[36m(train_algo pid=40086)[0m wandb: Currently logged in as: theputernerdai (tpn). Use `wandb login --relogin` to force relogin[32m [repeated 3x across cluster][0m
[36m(train_algo pid=40231)[0m 2023-12-14 17:32:20,173	WARNING deprecation.py:50 -- DeprecationWarning: `ray.rllib.models.tf.recurrent_net.LSTMWrapper` has been deprecated. This will raise an error in the future![32m [repeated 2x across cluster][0m
[36m(train_algo pid=40231)[0m 2023-12-14 17:32:20,173	WARNING deprecation.py:50 -- DeprecationWarning: `ray.rllib.models.torch.fcnet.FullyConnectedNetwork` has been deprecated. This will raise an error in the future![32m [repeated 2x across cluster][0m
[36m(train_algo pid=40231)[0m 2023-12-14 17:32:20,184	WARNING deprecation.py:50 -- DeprecationWarning: `ray.rllib.models.torch.complex_input_net.ComplexInputNetwork` has been deprecated. This will raise an error in the future![32m [repeated 2x across cluster][0m
[36m(train_algo pid=40231)[0m 2023-12-14 17:32:20,186	WARNING deprecation.py:50 -- DeprecationWarning: `ray.rllib.models.torch.visionnet.VisionNetwork` has been deprecated. This will raise an error in the future![32m [repeated 2x across cluster][0m
[36m(train_algo pid=40086)[0m wandb: wandb version 0.16.1 is available!  To upgrade, please run:[32m [repeated 3x across cluster][0m
[36m(train_algo pid=40086)[0m wandb:  $ pip install wandb --upgrade[32m [repeated 3x across cluster][0m
[36m(train_algo pid=40086)[0m wandb: Tracking run with wandb version 0.16.0[32m [repeated 3x across cluster][0m
[36m(train_algo pid=40086)[0m wandb: Run data is saved locally in /data/gpfs/projects/punim1355/dalmiapriyam/predator-prey/wandb/wandb/run-20231214_173222-wmu4w89o[32m [repeated 3x across cluster][0m
[36m(train_algo pid=40086)[0m wandb: Run `wandb offline` to turn off syncing.[32m [repeated 3x across cluster][0m
[36m(train_algo pid=40086)[0m wandb: Syncing run df1702602593[32m [repeated 3x across cluster][0m
[36m(train_algo pid=40086)[0m wandb: ⭐️ View project at https://wandb.ai/tpn/independent_ppo[32m [repeated 3x across cluster][0m
[36m(train_algo pid=40086)[0m wandb: 🚀 View run at https://wandb.ai/tpn/independent_ppo/runs/wmu4w89o[32m [repeated 3x across cluster][0m
[36m(train_algo pid=40231)[0m 2023-12-14 17:32:20,897	WARNING deprecation.py:50 -- DeprecationWarning: `ray.rllib.models.torch.recurrent_net.RecurrentNetwork` has been deprecated. This will raise an error in the future![32m [repeated 2x across cluster][0m
[36m(train_algo pid=40097)[0m 2023-12-14 17:32:28,985	WARNING deprecation.py:50 -- DeprecationWarning: `ray.rllib.execution.train_ops.train_one_step` has been deprecated. This will raise an error in the future![32m [repeated 4x across cluster][0m
[36m(train_algo pid=40097)[0m 2023-12-14 17:32:28,985	WARNING deprecation.py:50 -- DeprecationWarning: `_get_slice_indices` has been deprecated. This will raise an error in the future![32m [repeated 4x across cluster][0m
[36m(train_algo pid=40231)[0m wandb: Currently logged in as: theputernerdai (tpn). Use `wandb login --relogin` to force relogin[32m [repeated 2x across cluster][0m
[36m(train_algo pid=40231)[0m wandb: wandb version 0.16.1 is available!  To upgrade, please run:[32m [repeated 2x across cluster][0m
[36m(train_algo pid=40231)[0m wandb:  $ pip install wandb --upgrade[32m [repeated 2x across cluster][0m
[36m(train_algo pid=40231)[0m wandb: Tracking run with wandb version 0.16.0[32m [repeated 2x across cluster][0m
[36m(train_algo pid=40231)[0m wandb: Run data is saved locally in /data/gpfs/projects/punim1355/dalmiapriyam/predator-prey/wandb/wandb/run-20231214_173224-jzc99ghb[32m [repeated 2x across cluster][0m
[36m(train_algo pid=40231)[0m wandb: Run `wandb offline` to turn off syncing.[32m [repeated 2x across cluster][0m
[36m(train_algo pid=40231)[0m wandb: Syncing run df1702541475[32m [repeated 2x across cluster][0m
[36m(train_algo pid=40231)[0m wandb: ⭐️ View project at https://wandb.ai/tpn/independent_ppo[32m [repeated 2x across cluster][0m
[36m(train_algo pid=40231)[0m wandb: 🚀 View run at https://wandb.ai/tpn/independent_ppo/runs/jzc99ghb[32m [repeated 2x across cluster][0m
slurmstepd: error: *** JOB 54387993 ON spartan-gpgpu088 CANCELLED AT 2023-12-14T18:06:31 ***
