
Name of the cluster on which the job is executing:	 spartan
Number of CPUs on the allocated node: 	 16
Number of CPUs requested per task: 	 16
Numer of GPUs requested: 	 
Requested GPU count per allocated node: 	 
Requested GPU count per allocated task:	  
The ID of the job allocation:	  54166138
Count of processors available to the job on this node:	  16
Name of the job:	  tst.slurm
List of nodes allocated to the job:	  spartan-gpgpu094
Total number of nodes in the job’s resource allocation:	  1
Name of the partition in which the job is running:	  deeplearn
Minimum memory required per allocated CPU:	  4000
Requested memory per allocated GPU:	  
Total amount of memory per node that the job needs:	  
List of nodes allocated to the job:	  spartan-gpgpu094
Total number of CPUs allocated:	  1
Maximum number of MPI tasks (that’s processes): 	 1
Number of tasks requested per core: 	 
Number of tasks requested per GPU: 	 
Number of tasks requested per node:	  1
The scheduling priority (nice value) at the time of job submission. This value is propagated to the spawned processes: 	 0
The MPI rank (or relative process ID) of the current process: 	 0

The directory from which SBATCH was invoked: 	 /data/gpfs/projects/punim1355/dalmiapriyam/predator-prey
The Hostname of the computer from which SBATCH was invoked: 	 spartan-bm084.hpc.unimelb.edu.au
The process ID of the corresponding task: 	 34363



 LOADING MODULES: 




 PYTHON SCRIPT OUTPUT: 

2023-12-07 11:42:18,182	WARNING __init__.py:10 -- PG has/have been moved to `rllib_contrib` and will no longer be maintained by the RLlib team. You can still use it/them normally inside RLlib util Ray 2.8, but from Ray 2.9 on, all `rllib_contrib` algorithms will no longer be part of the core repo, and will therefore have to be installed separately with pinned dependencies for e.g. ray[rllib] and other packages! See https://github.com/ray-project/ray/tree/master/rllib_contrib#rllib-contrib for more information on the RLlib contrib effort.
2023-12-07 11:42:21,314	INFO worker.py:1673 -- Started a local Ray instance.
2023-12-07 11:42:21,773	WARNING deprecation.py:50 -- DeprecationWarning: `ray.rllib.models.tf.recurrent_net.LSTMWrapper` has been deprecated. This will raise an error in the future!
2023-12-07 11:42:21,773	WARNING deprecation.py:50 -- DeprecationWarning: `ray.rllib.models.torch.visionnet.VisionNetwork` has been deprecated. This will raise an error in the future!
2023-12-07 11:42:22,203	WARNING deprecation.py:50 -- DeprecationWarning: `ray.rllib.models.torch.recurrent_net.RecurrentNetwork` has been deprecated. This will raise an error in the future!
2023-12-07 11:42:23,911	WARNING deprecation.py:50 -- DeprecationWarning: `ray.rllib.execution.train_ops.train_one_step` has been deprecated. This will raise an error in the future!
2023-12-07 11:42:23,911	WARNING deprecation.py:50 -- DeprecationWarning: `_get_slice_indices` has been deprecated. This will raise an error in the future!
{'custom_metrics': {'assists': [0, 0, 0, 0, 0], 'kills': [2, 2, 3, 2, 0], 'predator_0_assists': [0, 0, 0, 0, 0], 'predator_1_assists': [0, 0, 0, 0, 0], 'predator_0_kills': [1, 1, 2, 0, 0], 'predator_1_kills': [1, 1, 1, 2, 0]}, 'episode_media': {}, 'info': {'learner': {'predator_0': {'learner_stats': {'allreduce_latency': 0.0, 'grad_gnorm': 0.9661675095558167, 'cur_kl_coeff': 0.2, 'cur_lr': 0.0001, 'total_loss': 0.2440078129991889, 'policy_loss': -0.06696635335683823, 'vf_loss': 0.31096778265200553, 'vf_explained_var': -0.23010725528001785, 'kl': 3.1927916221108356e-05, 'entropy': 1.605016154050827, 'entropy_coeff': 0.0}, 'model': {}, 'custom_metrics': {}, 'num_agent_steps_trained': 128.0, 'num_grad_updates_lifetime': 20.5, 'diff_num_grad_updates_vs_sampler_policy': 19.5}, 'predator_1': {'learner_stats': {'allreduce_latency': 0.0, 'grad_gnorm': 1.016697945073247, 'cur_kl_coeff': 0.2, 'cur_lr': 0.0001, 'total_loss': 0.19911881689040456, 'policy_loss': -0.07226455584168434, 'vf_loss': 0.27137019112706184, 'vf_explained_var': -0.028270667791366576, 'kl': 6.592091148317491e-05, 'entropy': 1.6063797563314437, 'entropy_coeff': 0.0}, 'model': {}, 'custom_metrics': {}, 'num_agent_steps_trained': 128.0, 'num_grad_updates_lifetime': 20.5, 'diff_num_grad_updates_vs_sampler_policy': 19.5}}, 'num_env_steps_sampled': 505, 'num_env_steps_trained': 505, 'num_agent_steps_sampled': 1010, 'num_agent_steps_trained': 1010}, 'sampler_results': {'episode_reward_max': 3.0, 'episode_reward_min': 0.0, 'episode_reward_mean': 1.8, 'episode_len_mean': 101.0, 'episode_media': {}, 'episodes_this_iter': 5, 'policy_reward_min': {'predator_0': 0.0, 'predator_1': 0.0}, 'policy_reward_max': {'predator_0': 2.0, 'predator_1': 2.0}, 'policy_reward_mean': {'predator_0': 0.8, 'predator_1': 1.0}, 'custom_metrics': {'assists': [0, 0, 0, 0, 0], 'kills': [2, 2, 3, 2, 0], 'predator_0_assists': [0, 0, 0, 0, 0], 'predator_1_assists': [0, 0, 0, 0, 0], 'predator_0_kills': [1, 1, 2, 0, 0], 'predator_1_kills': [1, 1, 1, 2, 0]}, 'hist_stats': {'episode_reward': [2.0, 2.0, 3.0, 2.0, 0.0], 'episode_lengths': [101, 101, 101, 101, 101], 'policy_predator_0_reward': [1.0, 1.0, 2.0, 0.0, 0.0], 'policy_predator_1_reward': [1.0, 1.0, 1.0, 2.0, 0.0]}, 'sampler_perf': {'mean_raw_obs_processing_ms': 0.5756348018118516, 'mean_inference_ms': 2.3412233284810786, 'mean_action_processing_ms': 0.18556080316837598, 'mean_env_wait_ms': 0.11836822796244865, 'mean_env_render_ms': 0.0}, 'num_faulty_episodes': 0, 'connector_metrics': {'ObsPreprocessorConnector_ms': 0.006461143493652344, 'StateBufferConnector_ms': 0.004880428314208984, 'ViewRequirementAgentConnector_ms': 0.12935161590576172}}, 'episode_reward_max': 3.0, 'episode_reward_min': 0.0, 'episode_reward_mean': 1.8, 'episode_len_mean': 101.0, 'episodes_this_iter': 5, 'policy_reward_min': {'predator_0': 0.0, 'predator_1': 0.0}, 'policy_reward_max': {'predator_0': 2.0, 'predator_1': 2.0}, 'policy_reward_mean': {'predator_0': 0.8, 'predator_1': 1.0}, 'hist_stats': {'episode_reward': [2.0, 2.0, 3.0, 2.0, 0.0], 'episode_lengths': [101, 101, 101, 101, 101], 'policy_predator_0_reward': [1.0, 1.0, 2.0, 0.0, 0.0], 'policy_predator_1_reward': [1.0, 1.0, 1.0, 2.0, 0.0]}, 'sampler_perf': {'mean_raw_obs_processing_ms': 0.5756348018118516, 'mean_inference_ms': 2.3412233284810786, 'mean_action_processing_ms': 0.18556080316837598, 'mean_env_wait_ms': 0.11836822796244865, 'mean_env_render_ms': 0.0}, 'num_faulty_episodes': 0, 'connector_metrics': {'ObsPreprocessorConnector_ms': 0.006461143493652344, 'StateBufferConnector_ms': 0.004880428314208984, 'ViewRequirementAgentConnector_ms': 0.12935161590576172}, 'num_healthy_workers': 0, 'num_in_flight_async_reqs': 0, 'num_remote_worker_restarts': 0, 'num_agent_steps_sampled': 1010, 'num_agent_steps_trained': 1010, 'num_env_steps_sampled': 505, 'num_env_steps_trained': 505, 'num_env_steps_sampled_this_iter': 505, 'num_env_steps_trained_this_iter': 505, 'num_env_steps_sampled_throughput_per_sec': 222.6012093329836, 'num_env_steps_trained_throughput_per_sec': 222.6012093329836, 'timesteps_total': 505, 'num_steps_trained_this_iter': 505, 'agent_timesteps_total': 1010, 'timers': {'training_iteration_time_ms': 2268.602, 'sample_time_ms': 1642.074, 'learn_time_ms': 625.922, 'learn_throughput': 806.81, 'synch_weights_time_ms': 0.003}, 'counters': {'num_env_steps_sampled': 505, 'num_env_steps_trained': 505, 'num_agent_steps_sampled': 1010, 'num_agent_steps_trained': 1010}, 'done': False, 'episodes_total': 5, 'training_iteration': 1, 'trial_id': 'default', 'date': '2023-12-07_11-42-24', 'timestamp': 1701909744, 'time_this_iter_s': 2.2691664695739746, 'time_total_s': 2.2691664695739746, 'pid': 34422, 'hostname': 'spartan-gpgpu094.hpc.unimelb.edu.au', 'node_ip': '172.26.92.195', 'config': {'extra_python_environs_for_driver': {}, 'extra_python_environs_for_worker': {}, 'num_gpus': 0, 'num_cpus_per_worker': 1, 'num_gpus_per_worker': 0, '_fake_gpus': False, 'num_learner_workers': 0, 'num_gpus_per_learner_worker': 0, 'num_cpus_per_learner_worker': 1, 'local_gpu_idx': 0, 'custom_resources_per_worker': {}, 'placement_strategy': 'PACK', 'eager_tracing': True, 'eager_max_retraces': 20, 'tf_session_args': {'intra_op_parallelism_threads': 2, 'inter_op_parallelism_threads': 2, 'gpu_options': {'allow_growth': True}, 'log_device_placement': False, 'device_count': {'CPU': 1}, 'allow_soft_placement': True}, 'local_tf_session_args': {'intra_op_parallelism_threads': 8, 'inter_op_parallelism_threads': 8}, 'torch_compile_learner': False, 'torch_compile_learner_what_to_compile': <TorchCompileWhatToCompile.FORWARD_TRAIN: 'forward_train'>, 'torch_compile_learner_dynamo_backend': 'inductor', 'torch_compile_learner_dynamo_mode': None, 'torch_compile_worker': False, 'torch_compile_worker_dynamo_backend': 'onnxrt', 'torch_compile_worker_dynamo_mode': None, 'env': 'discrete_pp_v1', 'env_config': {'map_size': 15, 'pred_vision': 2, 'prey_type': 'static', 'max_cycles': 100, 'npred': 2, 'nprey': 6, 'reward_type': 'type_1'}, 'observation_space': None, 'action_space': None, 'env_task_fn': None, 'render_env': False, 'clip_rewards': None, 'normalize_actions': True, 'clip_actions': False, 'disable_env_checking': False, 'auto_wrap_old_gym_envs': True, 'action_mask_key': 'action_mask', '_is_atari': None, 'env_runner_cls': None, 'num_envs_per_worker': 1, 'sample_collector': <class 'ray.rllib.evaluation.collectors.simple_list_collector.SimpleListCollector'>, 'sample_async': False, 'enable_connectors': True, 'update_worker_filter_stats': True, 'use_worker_filter_stats': True, 'rollout_fragment_length': 'auto', 'batch_mode': 'complete_episodes', 'remote_worker_envs': False, 'remote_env_batch_wait_ms': 0, 'validate_workers_after_construction': True, 'preprocessor_pref': 'deepmind', 'observation_filter': 'NoFilter', 'compress_observations': False, 'enable_tf1_exec_eagerly': False, 'sampler_perf_stats_ema_coef': None, 'gamma': 0.99, 'lr': 0.0001, 'grad_clip': None, 'grad_clip_by': 'global_norm', 'train_batch_size': 500, 'model': {'_disable_preprocessor_api': False, '_disable_action_flattening': False, 'fcnet_hiddens': [256, 256], 'fcnet_activation': 'relu', 'conv_filters': [[16, [2, 2], 1]], 'conv_activation': 'relu', 'post_fcnet_hiddens': [], 'post_fcnet_activation': 'relu', 'free_log_std': False, 'no_final_linear': False, 'vf_share_layers': False, 'use_lstm': True, 'max_seq_len': 10, 'lstm_cell_size': 32, 'lstm_use_prev_action': True, 'lstm_use_prev_reward': True, '_time_major': False, 'use_attention': False, 'attention_num_transformer_units': 1, 'attention_dim': 64, 'attention_num_heads': 1, 'attention_head_dim': 32, 'attention_memory_inference': 50, 'attention_memory_training': 50, 'attention_position_wise_mlp_dim': 32, 'attention_init_gru_gate_bias': 2.0, 'attention_use_n_prev_actions': 0, 'attention_use_n_prev_rewards': 0, 'framestack': True, 'dim': 84, 'grayscale': False, 'zero_mean': True, 'custom_model': None, 'custom_model_config': {}, 'custom_action_dist': None, 'custom_preprocessor': None, 'encoder_latent_dim': None, 'always_check_shapes': False, 'lstm_use_prev_action_reward': -1, '_use_default_native_models': -1}, 'optimizer': {}, 'max_requests_in_flight_per_sampler_worker': 2, '_learner_class': None, '_enable_learner_api': False, 'explore': True, 'exploration_config': {'type': 'StochasticSampling'}, 'algorithm_config_overrides_per_module': {}, 'policy_map_capacity': 100, 'policy_mapping_fn': <function create_algo.<locals>.<lambda> at 0x146b24367e20>, 'policies_to_train': ['predator_0', 'predator_1'], 'policy_states_are_swappable': False, 'observation_fn': None, 'count_steps_by': 'env_steps', 'input_config': {}, 'actions_in_input_normalized': False, 'postprocess_inputs': False, 'shuffle_buffer_size': 0, 'output': None, 'output_config': {}, 'output_compress_columns': ['obs', 'new_obs'], 'output_max_file_size': 67108864, 'offline_sampling': False, 'evaluation_interval': None, 'evaluation_duration': 10, 'evaluation_duration_unit': 'episodes', 'evaluation_sample_timeout_s': 180.0, 'evaluation_parallel_to_training': False, 'evaluation_config': None, 'off_policy_estimation_methods': {}, 'ope_split_batch_by_episode': True, 'evaluation_num_workers': 0, 'always_attach_evaluation_results': False, 'enable_async_evaluation': False, 'in_evaluation': False, 'sync_filters_on_rollout_workers_timeout_s': 60.0, 'keep_per_episode_custom_metrics': True, 'metrics_episode_collection_timeout_s': 60.0, 'metrics_num_episodes_for_smoothing': 100, 'min_time_s_per_iteration': None, 'min_train_timesteps_per_iteration': 0, 'min_sample_timesteps_per_iteration': 0, 'export_native_model_files': False, 'checkpoint_trainable_policies_only': False, 'logger_creator': None, 'logger_config': None, 'log_level': 'WARN', 'log_sys_usage': True, 'fake_sampler': False, 'seed': None, 'ignore_worker_failures': False, 'recreate_failed_workers': False, 'max_num_worker_restarts': 1000, 'delay_between_worker_restarts_s': 60.0, 'restart_failed_sub_environments': False, 'num_consecutive_worker_failures_tolerance': 100, 'worker_health_probe_timeout_s': 60, 'worker_restore_timeout_s': 1800, 'rl_module_spec': None, '_enable_rl_module_api': False, '_AlgorithmConfig__prior_exploration_config': None, '_tf_policy_handles_more_than_one_loss': False, '_disable_preprocessor_api': False, '_disable_action_flattening': False, '_disable_execution_plan_api': True, '_disable_initialize_loss_from_dummy_batch': False, 'simple_optimizer': True, 'policy_map_cache': -1, 'worker_cls': -1, 'synchronize_filters': -1, 'replay_sequence_length': None, 'lr_schedule': None, 'use_critic': True, 'use_gae': True, 'use_kl_loss': True, 'kl_coeff': 0.2, 'kl_target': 0.01, 'sgd_minibatch_size': 128, 'num_sgd_iter': 10, 'shuffle_sequences': True, 'vf_loss_coeff': 1.0, 'entropy_coeff': 0.0, 'entropy_coeff_schedule': None, 'clip_param': 0.3, 'vf_clip_param': 10.0, 'vf_share_layers': -1, 'lambda': 1.0, 'input': 'sampler', 'policies': {'predator_0': (None, Box(0, 1, (5, 5, 3), int32), Discrete(5), {}), 'predator_1': (None, Box(0, 1, (5, 5, 3), int32), Discrete(5), {})}, 'callbacks': <class '__main__.episodeMetrics'>, 'create_env_on_driver': False, 'custom_eval_function': None, 'framework': 'torch', 'num_cpus_for_driver': 1, 'num_workers': 0}, 'time_since_restore': 2.2691664695739746, 'iterations_since_restore': 1, 'perf': {'cpu_util_percent': 34.275000000000006, 'ram_util_percent': 15.4, 'gpu_util_percent0': 0.0, 'vram_util_percent0': 0.00011596679687500001}}
Job ID           : 54166138
Cluster          : spartan
User/Project     : dalmiapriyam/punim1355
Nodes            : 1
Wall-clock time  : 00:00:31 / 1-00:00:00

Displaying overall resources usage from 2023-12-07 11:42:00 to 2023-12-07 11:42:31:

NODE            CPU#        TOT%   ( USR   / SYS   / WIO   / IDLE  ) 

spartan-gpgpu094 : 
                CPU# 1    : -2.0   (  -1.0 /  -1.0 /  -1.0 /  -1.0 ) 
                CPU# 2    : -2.0   (  -1.0 /  -1.0 /  -1.0 /  -1.0 ) 
                CPU# 3    : -2.0   (  -1.0 /  -1.0 /  -1.0 /  -1.0 ) 
                CPU# 4    : -2.0   (  -1.0 /  -1.0 /  -1.0 /  -1.0 ) 
                CPU# 5    : -2.0   (  -1.0 /  -1.0 /  -1.0 /  -1.0 ) 
                CPU# 6    : -2.0   (  -1.0 /  -1.0 /  -1.0 /  -1.0 ) 
                CPU# 7    : -2.0   (  -1.0 /  -1.0 /  -1.0 /  -1.0 ) 
                CPU# 8    : -2.0   (  -1.0 /  -1.0 /  -1.0 /  -1.0 ) 
                CPU# 9    : -2.0   (  -1.0 /  -1.0 /  -1.0 /  -1.0 ) 
                CPU# 10   : -2.0   (  -1.0 /  -1.0 /  -1.0 /  -1.0 ) 
                CPU# 11   : -2.0   (  -1.0 /  -1.0 /  -1.0 /  -1.0 ) 
                CPU# 12   : -2.0   (  -1.0 /  -1.0 /  -1.0 /  -1.0 ) 
                CPU# 13   : -2.0   (  -1.0 /  -1.0 /  -1.0 /  -1.0 ) 
                CPU# 14   : -2.0   (  -1.0 /  -1.0 /  -1.0 /  -1.0 ) 
                CPU# 15   : -2.0   (  -1.0 /  -1.0 /  -1.0 /  -1.0 ) 
                CPU# 16   : -2.0   (  -1.0 /  -1.0 /  -1.0 /  -1.0 ) 

                GPU# 1    : -1.0  


Allocated CPUs            : 16   
  CPUs with usage <25%    : 16   
  CPUs with usage <50%    : 0    
  CPUs with usage >50%    : 0    


Allocated GPUs            : 1    
  GPUs with usage <25%    : 1    
  GPUs with usage <50%    : 0    
  GPUs with usage >50%    : 0    

Memory used (RAM)         : 0.0%  [6MB of 67109MB]

--------------------------------------------

