
Name of the cluster on which the job is executing:	 spartan
Number of CPUs on the allocated node: 	 12
Number of CPUs requested per task: 	 12
Numer of GPUs requested: 	 
Requested GPU count per allocated node: 	 
Requested GPU count per allocated task:	  
The ID of the job allocation:	  54087420
Count of processors available to the job on this node:	  12
Name of the job:	  tst.slurm
List of nodes allocated to the job:	  spartan-gpgpu086
Total number of nodes in the job’s resource allocation:	  1
Name of the partition in which the job is running:	  deeplearn
Minimum memory required per allocated CPU:	  4000
Requested memory per allocated GPU:	  
Total amount of memory per node that the job needs:	  
List of nodes allocated to the job:	  spartan-gpgpu086
Total number of CPUs allocated:	  1
Maximum number of MPI tasks (that’s processes): 	 1
Number of tasks requested per core: 	 
Number of tasks requested per GPU: 	 
Number of tasks requested per node:	  1
The scheduling priority (nice value) at the time of job submission. This value is propagated to the spawned processes: 	 0
The MPI rank (or relative process ID) of the current process: 	 0

The directory from which SBATCH was invoked: 	 /data/gpfs/projects/punim1355/dalmiapriyam/predator-prey
The Hostname of the computer from which SBATCH was invoked: 	 spartan-login1.hpc.unimelb.edu.au
The process ID of the corresponding task: 	 140010



 LOADING MODULES: 




 PYTHON SCRIPT OUTPUT: 

rm: cannot remove '/home/dalmiapriyam/ray_results/CentralizedCritic_discrete_pp_v1_2023-12-01_23-26-1257ufs0_s/progress.csv': Stale file handle
rm: cannot remove '/home/dalmiapriyam/ray_results/CentralizedCritic_discrete_pp_v1_2023-12-01_23-26-12ag9t1xpg/events.out.tfevents.1701433572.spartan-gpgpu091.hpc.unimelb.edu.au': Stale file handle
rm: cannot remove '/home/dalmiapriyam/ray_results/CentralizedCritic_discrete_pp_v1_2023-12-01_23-26-12ag9t1xpg/progress.csv': Stale file handle
rm: cannot remove '/home/dalmiapriyam/ray_results/CentralizedCritic_discrete_pp_v1_2023-12-02_01-53-20jb2i7da6/events.out.tfevents.1701442400.spartan-gpgpu091.hpc.unimelb.edu.au': Stale file handle
rm: cannot remove '/home/dalmiapriyam/ray_results/CentralizedCritic_discrete_pp_v1_2023-12-02_01-53-20jb2i7da6/progress.csv': Stale file handle
rm: cannot remove '/home/dalmiapriyam/ray_results/CentralizedCritic_discrete_pp_v1_2023-12-02_03-55-177_5yzm7s/progress.csv': Stale file handle
rm: cannot remove '/home/dalmiapriyam/ray_results/CentralizedCritic_discrete_pp_v1_2023-12-02_07-02-41bbgjf7aa/events.out.tfevents.1701460961.spartan-gpgpu091.hpc.unimelb.edu.au': Stale file handle
rm: cannot remove '/home/dalmiapriyam/ray_results/CentralizedCritic_discrete_pp_v1_2023-12-02_07-02-41bbgjf7aa/progress.csv': Stale file handle
rm: cannot remove '/home/dalmiapriyam/ray_results/CentralizedCritic_discrete_pp_v1_2023-12-02_08-15-344uw2ff6k/events.out.tfevents.1701465334.spartan-gpgpu091.hpc.unimelb.edu.au': Stale file handle
rm: cannot remove '/home/dalmiapriyam/ray_results/CentralizedCritic_discrete_pp_v1_2023-12-02_08-15-344uw2ff6k/progress.csv': Stale file handle
rm: cannot remove '/home/dalmiapriyam/ray_results/CentralizedCritic_discrete_pp_v1_2023-12-02_09-26-39kdaqka1i/events.out.tfevents.1701469599.spartan-gpgpu091.hpc.unimelb.edu.au': Stale file handle
rm: cannot remove '/home/dalmiapriyam/ray_results/CentralizedCritic_discrete_pp_v1_2023-12-02_09-26-39kdaqka1i/progress.csv': Stale file handle
rm: cannot remove '/home/dalmiapriyam/ray_results/CentralizedCritic_discrete_pp_v1_2023-12-02_10-09-000ket70kl/progress.csv': Stale file handle
rm: cannot remove '/home/dalmiapriyam/ray_results/CentralizedCritic_discrete_pp_v1_2023-12-02_10-54-17jwpke6cl/events.out.tfevents.1701474857.spartan-gpgpu091.hpc.unimelb.edu.au': Stale file handle
rm: cannot remove '/home/dalmiapriyam/ray_results/CentralizedCritic_discrete_pp_v1_2023-12-02_10-54-17jwpke6cl/progress.csv': Stale file handle
rm: cannot remove '/home/dalmiapriyam/ray_results/CentralizedCritic_discrete_pp_v1_2023-12-02_11-49-49sjkeuq8y/events.out.tfevents.1701478189.spartan-gpgpu091.hpc.unimelb.edu.au': Stale file handle
rm: cannot remove '/home/dalmiapriyam/ray_results/CentralizedCritic_discrete_pp_v1_2023-12-02_11-49-49sjkeuq8y/progress.csv': Stale file handle
rm: cannot remove '/home/dalmiapriyam/ray_results/CentralizedCritic_discrete_pp_v1_2023-12-02_15-13-2302ui34kc/progress.csv': Stale file handle
rm: cannot remove '/home/dalmiapriyam/ray_results/PPO_discrete_pp_v1_2023-12-01_23-26-12ev7y2676/events.out.tfevents.1701433572.spartan-gpgpu091.hpc.unimelb.edu.au': Stale file handle
rm: cannot remove '/home/dalmiapriyam/ray_results/PPO_discrete_pp_v1_2023-12-01_23-26-12ev7y2676/progress.csv': Stale file handle
rm: cannot remove '/home/dalmiapriyam/ray_results/PPO_discrete_pp_v1_2023-12-01_23-26-12p4q_xidi/events.out.tfevents.1701433572.spartan-gpgpu091.hpc.unimelb.edu.au': Stale file handle
rm: cannot remove '/home/dalmiapriyam/ray_results/PPO_discrete_pp_v1_2023-12-01_23-26-12p4q_xidi/progress.csv': Stale file handle
rm: cannot remove '/home/dalmiapriyam/ray_results/PPO_discrete_pp_v1_2023-12-01_23-26-12utliebb5/events.out.tfevents.1701433572.spartan-gpgpu091.hpc.unimelb.edu.au': Stale file handle
rm: cannot remove '/home/dalmiapriyam/ray_results/PPO_discrete_pp_v1_2023-12-01_23-26-12utliebb5/progress.csv': Stale file handle
rm: cannot remove '/home/dalmiapriyam/ray_results/PPO_discrete_pp_v1_2023-12-01_23-26-12w6rapzp8/events.out.tfevents.1701433572.spartan-gpgpu091.hpc.unimelb.edu.au': Stale file handle
rm: cannot remove '/home/dalmiapriyam/ray_results/PPO_discrete_pp_v1_2023-12-01_23-26-12w6rapzp8/progress.csv': Stale file handle
rm: cannot remove '/home/dalmiapriyam/ray_results/PPO_discrete_pp_v1_2023-12-02_01-18-574u1ds3ws/events.out.tfevents.1701440337.spartan-gpgpu091.hpc.unimelb.edu.au': Stale file handle
rm: cannot remove '/home/dalmiapriyam/ray_results/PPO_discrete_pp_v1_2023-12-02_01-18-574u1ds3ws/progress.csv': Stale file handle
rm: cannot remove '/home/dalmiapriyam/ray_results/PPO_discrete_pp_v1_2023-12-02_01-20-34ejknegn9/result.json': Stale file handle
rm: cannot remove '/home/dalmiapriyam/ray_results/PPO_discrete_pp_v1_2023-12-02_01-20-34ejknegn9/events.out.tfevents.1701440434.spartan-gpgpu091.hpc.unimelb.edu.au': Stale file handle
rm: cannot remove '/home/dalmiapriyam/ray_results/PPO_discrete_pp_v1_2023-12-02_01-20-34ejknegn9/progress.csv': Stale file handle
rm: cannot remove '/home/dalmiapriyam/ray_results/PPO_discrete_pp_v1_2023-12-02_01-39-27pj8i_980/result.json': Stale file handle
rm: cannot remove '/home/dalmiapriyam/ray_results/PPO_discrete_pp_v1_2023-12-02_01-39-27pj8i_980/events.out.tfevents.1701441567.spartan-gpgpu091.hpc.unimelb.edu.au': Stale file handle
rm: cannot remove '/home/dalmiapriyam/ray_results/PPO_discrete_pp_v1_2023-12-02_01-39-27pj8i_980/progress.csv': Stale file handle
rm: cannot remove '/home/dalmiapriyam/ray_results/PPO_discrete_pp_v1_2023-12-02_02-01-05mx42akls/result.json': Stale file handle
rm: cannot remove '/home/dalmiapriyam/ray_results/PPO_discrete_pp_v1_2023-12-02_02-01-05mx42akls/events.out.tfevents.1701442865.spartan-gpgpu091.hpc.unimelb.edu.au': Stale file handle
rm: cannot remove '/home/dalmiapriyam/ray_results/PPO_discrete_pp_v1_2023-12-02_02-01-05mx42akls/progress.csv': Stale file handle
rm: cannot remove '/home/dalmiapriyam/ray_results/PPO_discrete_pp_v1_2023-12-02_03-15-37zacotfoz/result.json': Stale file handle
rm: cannot remove '/home/dalmiapriyam/ray_results/PPO_discrete_pp_v1_2023-12-02_03-15-37zacotfoz/events.out.tfevents.1701447337.spartan-gpgpu091.hpc.unimelb.edu.au': Stale file handle
rm: cannot remove '/home/dalmiapriyam/ray_results/PPO_discrete_pp_v1_2023-12-02_03-15-37zacotfoz/progress.csv': Stale file handle
rm: cannot remove '/home/dalmiapriyam/ray_results/PPO_discrete_pp_v1_2023-12-02_03-18-168zuikqxe/events.out.tfevents.1701447496.spartan-gpgpu091.hpc.unimelb.edu.au': Stale file handle
rm: cannot remove '/home/dalmiapriyam/ray_results/PPO_discrete_pp_v1_2023-12-02_03-18-168zuikqxe/progress.csv': Stale file handle
rm: cannot remove '/home/dalmiapriyam/ray_results/PPO_discrete_pp_v1_2023-12-02_03-43-1445f7vhkp/result.json': Stale file handle
rm: cannot remove '/home/dalmiapriyam/ray_results/PPO_discrete_pp_v1_2023-12-02_03-43-1445f7vhkp/events.out.tfevents.1701448994.spartan-gpgpu091.hpc.unimelb.edu.au': Stale file handle
rm: cannot remove '/home/dalmiapriyam/ray_results/PPO_discrete_pp_v1_2023-12-02_03-43-1445f7vhkp/progress.csv': Stale file handle
rm: cannot remove '/home/dalmiapriyam/ray_results/PPO_discrete_pp_v1_2023-12-02_03-51-09gguakyvc/result.json': Stale file handle
rm: cannot remove '/home/dalmiapriyam/ray_results/PPO_discrete_pp_v1_2023-12-02_03-51-09gguakyvc/events.out.tfevents.1701449469.spartan-gpgpu091.hpc.unimelb.edu.au': Stale file handle
rm: cannot remove '/home/dalmiapriyam/ray_results/PPO_discrete_pp_v1_2023-12-02_03-51-09gguakyvc/progress.csv': Stale file handle
rm: cannot remove '/home/dalmiapriyam/ray_results/PPO_discrete_pp_v1_2023-12-02_04-07-1063w4v373/events.out.tfevents.1701450430.spartan-gpgpu091.hpc.unimelb.edu.au': Stale file handle
rm: cannot remove '/home/dalmiapriyam/ray_results/PPO_discrete_pp_v1_2023-12-02_04-07-1063w4v373/progress.csv': Stale file handle
rm: cannot remove '/home/dalmiapriyam/ray_results/PPO_discrete_pp_v1_2023-12-02_04-14-40y0cdb3y7/events.out.tfevents.1701450880.spartan-gpgpu091.hpc.unimelb.edu.au': Stale file handle
rm: cannot remove '/home/dalmiapriyam/ray_results/PPO_discrete_pp_v1_2023-12-02_04-14-40y0cdb3y7/progress.csv': Stale file handle
rm: cannot remove '/home/dalmiapriyam/ray_results/PPO_discrete_pp_v1_2023-12-02_05-20-04nmbxw76w/events.out.tfevents.1701454804.spartan-gpgpu091.hpc.unimelb.edu.au': Stale file handle
rm: cannot remove '/home/dalmiapriyam/ray_results/PPO_discrete_pp_v1_2023-12-02_05-20-04nmbxw76w/progress.csv': Stale file handle
rm: cannot remove '/home/dalmiapriyam/ray_results/PPO_discrete_pp_v1_2023-12-02_05-50-070qb_6535/events.out.tfevents.1701456607.spartan-gpgpu091.hpc.unimelb.edu.au': Stale file handle
rm: cannot remove '/home/dalmiapriyam/ray_results/PPO_discrete_pp_v1_2023-12-02_05-50-070qb_6535/progress.csv': Stale file handle
rm: cannot remove '/home/dalmiapriyam/ray_results/PPO_discrete_pp_v1_2023-12-02_06-40-51ve_76q7b/events.out.tfevents.1701459651.spartan-gpgpu091.hpc.unimelb.edu.au': Stale file handle
rm: cannot remove '/home/dalmiapriyam/ray_results/PPO_discrete_pp_v1_2023-12-02_06-40-51ve_76q7b/progress.csv': Stale file handle
rm: cannot remove '/home/dalmiapriyam/ray_results/PPO_discrete_pp_v1_2023-12-02_07-47-52380pep6k/events.out.tfevents.1701463672.spartan-gpgpu091.hpc.unimelb.edu.au': Stale file handle
rm: cannot remove '/home/dalmiapriyam/ray_results/PPO_discrete_pp_v1_2023-12-02_07-47-52380pep6k/progress.csv': Stale file handle
rm: cannot remove '/home/dalmiapriyam/ray_results/PPO_discrete_pp_v1_2023-12-02_08-55-38pvo0zz4s/result.json': Stale file handle
rm: cannot remove '/home/dalmiapriyam/ray_results/PPO_discrete_pp_v1_2023-12-02_08-55-38pvo0zz4s/events.out.tfevents.1701467738.spartan-gpgpu091.hpc.unimelb.edu.au': Stale file handle
rm: cannot remove '/home/dalmiapriyam/ray_results/PPO_discrete_pp_v1_2023-12-02_08-55-38pvo0zz4s/progress.csv': Stale file handle
rm: cannot remove '/home/dalmiapriyam/ray_results/PPO_discrete_pp_v1_2023-12-02_09-01-004hlgckha/events.out.tfevents.1701468060.spartan-gpgpu091.hpc.unimelb.edu.au': Stale file handle
rm: cannot remove '/home/dalmiapriyam/ray_results/PPO_discrete_pp_v1_2023-12-02_09-01-004hlgckha/progress.csv': Stale file handle
rm: cannot remove '/home/dalmiapriyam/ray_results/PPO_discrete_pp_v1_2023-12-02_10-04-30a7hmpp5s/events.out.tfevents.1701471870.spartan-gpgpu091.hpc.unimelb.edu.au': Stale file handle
rm: cannot remove '/home/dalmiapriyam/ray_results/PPO_discrete_pp_v1_2023-12-02_10-04-30a7hmpp5s/progress.csv': Stale file handle
rm: cannot remove '/home/dalmiapriyam/ray_results/PPO_discrete_pp_v1_2023-12-02_12-52-06oj6fm2eu/events.out.tfevents.1701481926.spartan-gpgpu091.hpc.unimelb.edu.au': Stale file handle
rm: cannot remove '/home/dalmiapriyam/ray_results/PPO_discrete_pp_v1_2023-12-02_12-52-06oj6fm2eu/progress.csv': Stale file handle
rm: cannot remove '/home/dalmiapriyam/ray_results/PPO_discrete_pp_v1_2023-12-02_14-51-21izm4wdhd/events.out.tfevents.1701489081.spartan-gpgpu091.hpc.unimelb.edu.au': Stale file handle
rm: cannot remove '/home/dalmiapriyam/ray_results/PPO_discrete_pp_v1_2023-12-02_14-51-21izm4wdhd/progress.csv': Stale file handle
rm: cannot remove '/home/dalmiapriyam/ray_results/PPO_discrete_pp_v1_2023-12-02_15-24-41obiyfos6/events.out.tfevents.1701491081.spartan-gpgpu091.hpc.unimelb.edu.au': Stale file handle
rm: cannot remove '/home/dalmiapriyam/ray_results/PPO_discrete_pp_v1_2023-12-02_15-24-41obiyfos6/progress.csv': Stale file handle
rm: cannot remove '/home/dalmiapriyam/ray_results/train_algo_2023-12-01_23-26-02/train_algo_cd0b5_00001_1_algorithm_type=shared,reward_type=type_1_2023-12-01_23-26-06/result.json': Stale file handle
rm: cannot remove '/home/dalmiapriyam/ray_results/train_algo_2023-12-01_23-26-02/train_algo_cd0b5_00001_1_algorithm_type=shared,reward_type=type_1_2023-12-01_23-26-06/events.out.tfevents.1701433572.spartan-gpgpu091.hpc.unimelb.edu.au': Stale file handle
rm: cannot remove '/home/dalmiapriyam/ray_results/train_algo_2023-12-01_23-26-02/train_algo_cd0b5_00001_1_algorithm_type=shared,reward_type=type_1_2023-12-01_23-26-06/progress.csv': Stale file handle
rm: cannot remove '/home/dalmiapriyam/ray_results/train_algo_2023-12-01_23-26-02/train_algo_cd0b5_00002_2_algorithm_type=centralized,reward_type=type_1_2023-12-01_23-26-06/events.out.tfevents.1701433572.spartan-gpgpu091.hpc.unimelb.edu.au': Stale file handle
rm: cannot remove '/home/dalmiapriyam/ray_results/train_algo_2023-12-01_23-26-02/train_algo_cd0b5_00002_2_algorithm_type=centralized,reward_type=type_1_2023-12-01_23-26-06/progress.csv': Stale file handle
rm: cannot remove '/home/dalmiapriyam/ray_results/train_algo_2023-12-01_23-26-02/train_algo_cd0b5_00007_7_algorithm_type=shared,reward_type=type_3_2023-12-01_23-26-06/events.out.tfevents.1701433572.spartan-gpgpu091.hpc.unimelb.edu.au': Stale file handle
rm: cannot remove '/home/dalmiapriyam/ray_results/train_algo_2023-12-01_23-26-02/train_algo_cd0b5_00007_7_algorithm_type=shared,reward_type=type_3_2023-12-01_23-26-06/progress.csv': Stale file handle
rm: cannot remove '/home/dalmiapriyam/ray_results/train_algo_2023-12-01_23-26-02/train_algo_cd0b5_00008_8_algorithm_type=centralized,reward_type=type_3_2023-12-01_23-26-06/events.out.tfevents.1701433572.spartan-gpgpu091.hpc.unimelb.edu.au': Stale file handle
rm: cannot remove '/home/dalmiapriyam/ray_results/train_algo_2023-12-01_23-26-02/train_algo_cd0b5_00008_8_algorithm_type=centralized,reward_type=type_3_2023-12-01_23-26-06/progress.csv': Stale file handle
rm: cannot remove '/home/dalmiapriyam/ray_results/train_algo_2023-12-01_23-26-02/train_algo_cd0b5_00011_11_algorithm_type=centralized,reward_type=type_1_2023-12-01_23-26-06/events.out.tfevents.1701433572.spartan-gpgpu091.hpc.unimelb.edu.au': Stale file handle
rm: cannot remove '/home/dalmiapriyam/ray_results/train_algo_2023-12-01_23-26-02/train_algo_cd0b5_00011_11_algorithm_type=centralized,reward_type=type_1_2023-12-01_23-26-06/progress.csv': Stale file handle
rm: cannot remove '/home/dalmiapriyam/ray_results/train_algo_2023-12-01_23-26-02/train_algo_cd0b5_00013_13_algorithm_type=shared,reward_type=type_2_2023-12-02_01-18-57/result.json': Stale file handle
rm: cannot remove '/home/dalmiapriyam/ray_results/train_algo_2023-12-01_23-26-02/train_algo_cd0b5_00013_13_algorithm_type=shared,reward_type=type_2_2023-12-02_01-18-57/events.out.tfevents.1701440337.spartan-gpgpu091.hpc.unimelb.edu.au': Stale file handle
rm: cannot remove '/home/dalmiapriyam/ray_results/train_algo_2023-12-01_23-26-02/train_algo_cd0b5_00013_13_algorithm_type=shared,reward_type=type_2_2023-12-02_01-18-57/progress.csv': Stale file handle
rm: cannot remove '/home/dalmiapriyam/ray_results/train_algo_2023-12-01_23-26-02/train_algo_cd0b5_00015_15_algorithm_type=independent,reward_type=type_3_2023-12-02_01-19-56/events.out.tfevents.1701440396.spartan-gpgpu091.hpc.unimelb.edu.au': Stale file handle
rm: cannot remove '/home/dalmiapriyam/ray_results/train_algo_2023-12-01_23-26-02/train_algo_cd0b5_00015_15_algorithm_type=independent,reward_type=type_3_2023-12-02_01-19-56/progress.csv': Stale file handle
rm: cannot remove '/home/dalmiapriyam/ray_results/train_algo_2023-12-01_23-26-02/train_algo_cd0b5_00017_17_algorithm_type=centralized,reward_type=type_3_2023-12-02_01-21-01/events.out.tfevents.1701440461.spartan-gpgpu091.hpc.unimelb.edu.au': Stale file handle
rm: cannot remove '/home/dalmiapriyam/ray_results/train_algo_2023-12-01_23-26-02/train_algo_cd0b5_00017_17_algorithm_type=centralized,reward_type=type_3_2023-12-02_01-21-01/progress.csv': Stale file handle
rm: cannot remove '/home/dalmiapriyam/ray_results/train_algo_2023-12-01_23-26-02/train_algo_cd0b5_00019_19_algorithm_type=shared,reward_type=type_1_2023-12-02_01-39-27/events.out.tfevents.1701441567.spartan-gpgpu091.hpc.unimelb.edu.au': Stale file handle
rm: cannot remove '/home/dalmiapriyam/ray_results/train_algo_2023-12-01_23-26-02/train_algo_cd0b5_00019_19_algorithm_type=shared,reward_type=type_1_2023-12-02_01-39-27/progress.csv': Stale file handle
rm: cannot remove '/home/dalmiapriyam/ray_results/train_algo_2023-12-01_23-26-02/train_algo_cd0b5_00022_22_algorithm_type=shared,reward_type=type_2_2023-12-02_02-01-05/events.out.tfevents.1701442865.spartan-gpgpu091.hpc.unimelb.edu.au': Stale file handle
rm: cannot remove '/home/dalmiapriyam/ray_results/train_algo_2023-12-01_23-26-02/train_algo_cd0b5_00022_22_algorithm_type=shared,reward_type=type_2_2023-12-02_02-01-05/progress.csv': Stale file handle
rm: cannot remove '/home/dalmiapriyam/ray_results/train_algo_2023-12-01_23-26-02/train_algo_cd0b5_00024_24_algorithm_type=independent,reward_type=type_3_2023-12-02_03-15-37/progress.csv': Stale file handle
rm: cannot remove '/home/dalmiapriyam/ray_results/train_algo_2023-12-01_23-26-02/train_algo_cd0b5_00025_25_algorithm_type=shared,reward_type=type_3_2023-12-02_03-17-08/result.json': Stale file handle
rm: cannot remove '/home/dalmiapriyam/ray_results/train_algo_2023-12-01_23-26-02/train_algo_cd0b5_00025_25_algorithm_type=shared,reward_type=type_3_2023-12-02_03-17-08/events.out.tfevents.1701447428.spartan-gpgpu091.hpc.unimelb.edu.au': Stale file handle
rm: cannot remove '/home/dalmiapriyam/ray_results/train_algo_2023-12-01_23-26-02/train_algo_cd0b5_00025_25_algorithm_type=shared,reward_type=type_3_2023-12-02_03-17-08/progress.csv': Stale file handle
rm: cannot remove '/home/dalmiapriyam/ray_results/train_algo_2023-12-01_23-26-02/train_algo_cd0b5_00026_26_algorithm_type=centralized,reward_type=type_3_2023-12-02_03-17-27/progress.csv': Stale file handle
rm: cannot remove '/home/dalmiapriyam/ray_results/train_algo_2023-12-01_23-26-02/train_algo_cd0b5_00027_27_algorithm_type=independent,reward_type=type_1_2023-12-02_03-18-16/result.json': Stale file handle
rm: cannot remove '/home/dalmiapriyam/ray_results/train_algo_2023-12-01_23-26-02/train_algo_cd0b5_00027_27_algorithm_type=independent,reward_type=type_1_2023-12-02_03-18-16/events.out.tfevents.1701447496.spartan-gpgpu091.hpc.unimelb.edu.au': Stale file handle
rm: cannot remove '/home/dalmiapriyam/ray_results/train_algo_2023-12-01_23-26-02/train_algo_cd0b5_00027_27_algorithm_type=independent,reward_type=type_1_2023-12-02_03-18-16/progress.csv': Stale file handle
rm: cannot remove '/home/dalmiapriyam/ray_results/train_algo_2023-12-01_23-26-02/train_algo_cd0b5_00029_29_algorithm_type=centralized,reward_type=type_1_2023-12-02_03-50-30/progress.csv': Stale file handle
rm: cannot remove '/home/dalmiapriyam/ray_results/train_algo_2023-12-01_23-26-02/train_algo_cd0b5_00030_30_algorithm_type=independent,reward_type=type_2_2023-12-02_03-51-09/events.out.tfevents.1701449469.spartan-gpgpu091.hpc.unimelb.edu.au': Stale file handle
rm: cannot remove '/home/dalmiapriyam/ray_results/train_algo_2023-12-01_23-26-02/train_algo_cd0b5_00030_30_algorithm_type=independent,reward_type=type_2_2023-12-02_03-51-09/progress.csv': Stale file handle
rm: cannot remove '/home/dalmiapriyam/ray_results/train_algo_2023-12-01_23-26-02/train_algo_cd0b5_00031_31_algorithm_type=shared,reward_type=type_2_2023-12-02_03-53-43/events.out.tfevents.1701449623.spartan-gpgpu091.hpc.unimelb.edu.au': Stale file handle
rm: cannot remove '/home/dalmiapriyam/ray_results/train_algo_2023-12-01_23-26-02/train_algo_cd0b5_00031_31_algorithm_type=shared,reward_type=type_2_2023-12-02_03-53-43/progress.csv': Stale file handle
rm: cannot remove '/home/dalmiapriyam/ray_results/train_algo_2023-12-01_23-26-02/train_algo_cd0b5_00032_32_algorithm_type=centralized,reward_type=type_2_2023-12-02_03-55-17/events.out.tfevents.1701449717.spartan-gpgpu091.hpc.unimelb.edu.au': Stale file handle
rm: cannot remove '/home/dalmiapriyam/ray_results/train_algo_2023-12-01_23-26-02/train_algo_cd0b5_00032_32_algorithm_type=centralized,reward_type=type_2_2023-12-02_03-55-17/progress.csv': Stale file handle
rm: cannot remove '/home/dalmiapriyam/ray_results/train_algo_2023-12-01_23-26-02/train_algo_cd0b5_00034_34_algorithm_type=shared,reward_type=type_3_2023-12-02_04-14-40/progress.csv': Stale file handle
rm: cannot remove '/home/dalmiapriyam/ray_results/train_algo_2023-12-01_23-26-02/train_algo_cd0b5_00036_36_algorithm_type=independent,reward_type=type_1_2023-12-02_05-16-59/events.out.tfevents.1701454619.spartan-gpgpu091.hpc.unimelb.edu.au': Stale file handle
rm: cannot remove '/home/dalmiapriyam/ray_results/train_algo_2023-12-01_23-26-02/train_algo_cd0b5_00036_36_algorithm_type=independent,reward_type=type_1_2023-12-02_05-16-59/progress.csv': Stale file handle
rm: cannot remove '/home/dalmiapriyam/ray_results/train_algo_2023-12-01_23-26-02/train_algo_cd0b5_00043_43_algorithm_type=shared,reward_type=type_3_2023-12-02_06-10-33/events.out.tfevents.1701457833.spartan-gpgpu091.hpc.unimelb.edu.au': Stale file handle
rm: cannot remove '/home/dalmiapriyam/ray_results/train_algo_2023-12-01_23-26-02/train_algo_cd0b5_00043_43_algorithm_type=shared,reward_type=type_3_2023-12-02_06-10-33/progress.csv': Stale file handle
rm: cannot remove '/home/dalmiapriyam/ray_results/train_algo_2023-12-01_23-26-02/train_algo_cd0b5_00046_46_algorithm_type=shared,reward_type=type_1_2023-12-02_06-48-15/events.out.tfevents.1701460095.spartan-gpgpu091.hpc.unimelb.edu.au': Stale file handle
rm: cannot remove '/home/dalmiapriyam/ray_results/train_algo_2023-12-01_23-26-02/train_algo_cd0b5_00046_46_algorithm_type=shared,reward_type=type_1_2023-12-02_06-48-15/progress.csv': Stale file handle
rm: cannot remove '/home/dalmiapriyam/ray_results/train_algo_2023-12-01_23-26-02/train_algo_cd0b5_00049_49_algorithm_type=shared,reward_type=type_2_2023-12-02_07-47-52/progress.csv': Stale file handle
rm: cannot remove '/home/dalmiapriyam/ray_results/train_algo_2023-12-01_23-26-02/train_algo_cd0b5_00058_58_algorithm_type=shared,reward_type=type_2_2023-12-02_09-01-00/progress.csv': Stale file handle
rm: cannot remove '/home/dalmiapriyam/ray_results/train_algo_2023-12-01_23-26-02/train_algo_cd0b5_00061_61_algorithm_type=shared,reward_type=type_3_2023-12-02_10-04-30/progress.csv': Stale file handle
rm: cannot remove '/home/dalmiapriyam/ray_results/train_algo_2023-12-01_23-26-02/train_algo_cd0b5_00062_62_algorithm_type=centralized,reward_type=type_3_2023-12-02_10-09-00/progress.csv': Stale file handle
rm: cannot remove '/home/dalmiapriyam/ray_results/train_algo_2023-12-01_23-26-02/train_algo_cd0b5_00065_65_algorithm_type=centralized,reward_type=type_1_2023-12-02_10-54-17/progress.csv': Stale file handle
rm: cannot remove '/home/dalmiapriyam/ray_results/train_algo_2023-12-01_23-26-02/train_algo_cd0b5_00066_66_algorithm_type=independent,reward_type=type_2_2023-12-02_10-54-43/events.out.tfevents.1701474883.spartan-gpgpu091.hpc.unimelb.edu.au': Stale file handle
rm: cannot remove '/home/dalmiapriyam/ray_results/train_algo_2023-12-01_23-26-02/train_algo_cd0b5_00066_66_algorithm_type=independent,reward_type=type_2_2023-12-02_10-54-43/progress.csv': Stale file handle
rm: cannot remove '/home/dalmiapriyam/ray_results/train_algo_2023-12-01_23-26-02/train_algo_cd0b5_00074_74_algorithm_type=centralized,reward_type=type_1_2023-12-02_12-27-53/progress.csv': Stale file handle
rm: cannot remove '/home/dalmiapriyam/ray_results/train_algo_2023-12-01_23-26-02/train_algo_cd0b5_00080_80_algorithm_type=centralized,reward_type=type_3_2023-12-02_13-46-04/progress.csv': Stale file handle
rm: cannot remove '/home/dalmiapriyam/ray_results/train_algo_2023-12-01_23-26-02/train_algo_cd0b5_00083_83_algorithm_type=centralized,reward_type=type_1_2023-12-02_14-36-15/result.json': Stale file handle
rm: cannot remove '/home/dalmiapriyam/ray_results/train_algo_2023-12-01_23-26-02/train_algo_cd0b5_00083_83_algorithm_type=centralized,reward_type=type_1_2023-12-02_14-36-15/events.out.tfevents.1701488175.spartan-gpgpu091.hpc.unimelb.edu.au': Stale file handle
rm: cannot remove '/home/dalmiapriyam/ray_results/train_algo_2023-12-01_23-26-02/train_algo_cd0b5_00083_83_algorithm_type=centralized,reward_type=type_1_2023-12-02_14-36-15/progress.csv': Stale file handle
rm: cannot remove '/home/dalmiapriyam/ray_results/train_algo_2023-12-01_23-26-02/train_algo_cd0b5_00084_84_algorithm_type=independent,reward_type=type_2_2023-12-02_14-39-48/progress.csv': Stale file handle
rm: cannot remove '/home/dalmiapriyam/ray_results/train_algo_2023-12-01_23-26-02/train_algo_cd0b5_00085_85_algorithm_type=shared,reward_type=type_2_2023-12-02_14-51-21/events.out.tfevents.1701489081.spartan-gpgpu091.hpc.unimelb.edu.au': Stale file handle
rm: cannot remove '/home/dalmiapriyam/ray_results/train_algo_2023-12-01_23-26-02/train_algo_cd0b5_00085_85_algorithm_type=shared,reward_type=type_2_2023-12-02_14-51-21/progress.csv': Stale file handle
rm: cannot remove '/home/dalmiapriyam/ray_results/train_algo_2023-12-01_23-26-02/train_algo_cd0b5_00086_86_algorithm_type=centralized,reward_type=type_2_2023-12-02_15-13-23/events.out.tfevents.1701490403.spartan-gpgpu091.hpc.unimelb.edu.au': Stale file handle
rm: cannot remove '/home/dalmiapriyam/ray_results/train_algo_2023-12-01_23-26-02/train_algo_cd0b5_00086_86_algorithm_type=centralized,reward_type=type_2_2023-12-02_15-13-23/progress.csv': Stale file handle
2023-12-04 14:23:53,083	WARNING __init__.py:10 -- PG has/have been moved to `rllib_contrib` and will no longer be maintained by the RLlib team. You can still use it/them normally inside RLlib util Ray 2.8, but from Ray 2.9 on, all `rllib_contrib` algorithms will no longer be part of the core repo, and will therefore have to be installed separately with pinned dependencies for e.g. ray[rllib] and other packages! See https://github.com/ray-project/ray/tree/master/rllib_contrib#rllib-contrib for more information on the RLlib contrib effort.
2023-12-04 14:23:58,170	INFO worker.py:1673 -- Started a local Ray instance.
2023-12-04 14:23:59,493	INFO tune.py:220 -- Initializing Ray automatically. For cluster usage or custom Ray initialization, call `ray.init(...)` before `Tuner(...)`.
2023-12-04 14:23:59,496	INFO tune.py:595 -- [output] This will use the new output engine with verbosity 1. To disable the new output and use the legacy output engine, set the environment variable RAY_AIR_NEW_OUTPUT=0. For more information, please see https://github.com/ray-project/ray/issues/36949
slurmstepd: error: *** JOB 54087420 ON spartan-gpgpu086 CANCELLED AT 2023-12-04T14:24:02 ***
